{
  "RSpec": {
    "coverage": {
      "/Users/richardwise/Documents/RailsProjects/since_i_last/config/environment.rb": {
        "lines": [
          null,
          1,
          null,
          null,
          1
        ]
      },
      "/Users/richardwise/Documents/RailsProjects/since_i_last/config/application.rb": {
        "lines": [
          1,
          null,
          1,
          null,
          1,
          1,
          1,
          1,
          1,
          1,
          1,
          1,
          1,
          1,
          1,
          null,
          null,
          null,
          null,
          1,
          null,
          1,
          1,
          null,
          1,
          null,
          null,
          null,
          null,
          null,
          null,
          null,
          null,
          null,
          null,
          1,
          null,
          1,
          1,
          null,
          null,
          null,
          null,
          null,
          null,
          null,
          null,
          null
        ]
      },
      "/Users/richardwise/Documents/RailsProjects/since_i_last/config/boot.rb": {
        "lines": [
          1,
          null,
          1,
          1
        ]
      },
      "/Users/richardwise/Documents/RailsProjects/since_i_last/config/environments/test.rb": {
        "lines": [
          1,
          null,
          null,
          null,
          null,
          null,
          null,
          1,
          null,
          null,
          1,
          1,
          null,
          null,
          null,
          null,
          1,
          null,
          null,
          1,
          1,
          null,
          null,
          null,
          null,
          1,
          1,
          1,
          null,
          null,
          1,
          null,
          null,
          1,
          null,
          null,
          1,
          null,
          1,
          null,
          null,
          null,
          null,
          1,
          null,
          null,
          1,
          null,
          null,
          1,
          null,
          null,
          1,
          null,
          null,
          null,
          null,
          null,
          null,
          null
        ]
      },
      "/Users/richardwise/Documents/RailsProjects/since_i_last/config/initializers/application_controller_renderer.rb": {
        "lines": [
          null,
          null,
          null,
          null,
          null,
          null,
          null,
          null
        ]
      },
      "/Users/richardwise/Documents/RailsProjects/since_i_last/config/initializers/assets.rb": {
        "lines": [
          null,
          null,
          null,
          1,
          null,
          null,
          null,
          null,
          1,
          null,
          null,
          null,
          null,
          null
        ]
      },
      "/Users/richardwise/Documents/RailsProjects/since_i_last/config/initializers/backtrace_silencers.rb": {
        "lines": [
          null,
          null,
          null,
          null,
          null,
          null,
          null,
          1
        ]
      },
      "/Users/richardwise/Documents/RailsProjects/since_i_last/config/initializers/content_security_policy.rb": {
        "lines": [
          null,
          null,
          null,
          null,
          null,
          null,
          null,
          null,
          null,
          null,
          null,
          null,
          null,
          null,
          null,
          null,
          null,
          null,
          null,
          null,
          null,
          null,
          null,
          null,
          null,
          null,
          null,
          null,
          null,
          null
        ]
      },
      "/Users/richardwise/Documents/RailsProjects/since_i_last/config/initializers/cookies_serializer.rb": {
        "lines": [
          null,
          null,
          null,
          null,
          1
        ]
      },
      "/Users/richardwise/Documents/RailsProjects/since_i_last/config/initializers/devise.rb": {
        "lines": [
          null,
          null,
          null,
          null,
          null,
          null,
          null,
          null,
          null,
          null,
          1,
          null,
          null,
          null,
          null,
          null,
          null,
          null,
          null,
          null,
          null,
          null,
          null,
          null,
          null,
          null,
          1,
          null,
          null,
          null,
          null,
          null,
          null,
          null,
          null,
          null,
          null,
          null,
          1,
          null,
          null,
          null,
          null,
          null,
          null,
          null,
          null,
          null,
          null,
          null,
          null,
          null,
          null,
          null,
          null,
          null,
          null,
          null,
          null,
          null,
          1,
          null,
          null,
          null,
          null,
          1,
          null,
          null,
          null,
          null,
          null,
          null,
          null,
          null,
          null,
          null,
          null,
          null,
          null,
          null,
          null,
          null,
          null,
          null,
          null,
          null,
          null,
          null,
          null,
          null,
          null,
          null,
          null,
          null,
          null,
          null,
          null,
          null,
          null,
          1,
          null,
          null,
          null,
          null,
          null,
          null,
          null,
          null,
          null,
          null,
          null,
          null,
          null,
          null,
          null,
          null,
          null,
          null,
          null,
          null,
          null,
          null,
          null,
          null,
          null,
          1,
          null,
          null,
          null,
          null,
          null,
          null,
          null,
          null,
          null,
          null,
          null,
          null,
          null,
          null,
          null,
          null,
          null,
          null,
          null,
          null,
          null,
          null,
          null,
          null,
          null,
          null,
          null,
          null,
          null,
          null,
          null,
          null,
          null,
          1,
          null,
          null,
          null,
          null,
          null,
          null,
          null,
          null,
          null,
          1,
          null,
          null,
          null,
          null,
          null,
          null,
          null,
          null,
          null,
          null,
          1,
          null,
          null,
          null,
          null,
          1,
          null,
          null,
          null,
          null,
          null,
          null,
          null,
          null,
          null,
          null,
          null,
          null,
          null,
          null,
          null,
          null,
          null,
          null,
          null,
          null,
          null,
          null,
          null,
          null,
          null,
          null,
          null,
          null,
          null,
          null,
          null,
          null,
          null,
          null,
          null,
          null,
          null,
          null,
          null,
          null,
          1,
          null,
          null,
          null,
          null,
          null,
          null,
          null,
          null,
          null,
          null,
          null,
          null,
          null,
          null,
          null,
          null,
          null,
          null,
          null,
          null,
          null,
          null,
          null,
          null,
          null,
          null,
          null,
          null,
          null,
          null,
          null,
          null,
          null,
          null,
          null,
          null,
          null,
          null,
          null,
          null,
          null,
          1,
          null,
          null,
          null,
          null,
          null,
          null,
          null,
          null,
          null,
          null,
          null,
          null,
          null,
          null,
          null,
          null,
          null,
          null,
          null,
          null,
          null,
          null,
          null,
          null,
          null,
          null,
          null,
          null,
          null,
          null,
          null,
          null,
          null,
          null,
          null,
          null,
          null,
          null,
          null,
          null,
          null,
          null
        ]
      },
      "/Users/richardwise/Documents/RailsProjects/since_i_last/config/initializers/filter_parameter_logging.rb": {
        "lines": [
          null,
          null,
          null,
          1,
          null,
          null
        ]
      },
      "/Users/richardwise/Documents/RailsProjects/since_i_last/config/initializers/inflections.rb": {
        "lines": [
          null,
          null,
          null,
          null,
          null,
          null,
          null,
          null,
          null,
          null,
          null,
          null,
          null,
          null,
          null,
          null
        ]
      },
      "/Users/richardwise/Documents/RailsProjects/since_i_last/config/initializers/mime_types.rb": {
        "lines": [
          null,
          null,
          null,
          null
        ]
      },
      "/Users/richardwise/Documents/RailsProjects/since_i_last/config/initializers/permissions_policy.rb": {
        "lines": [
          null,
          null,
          null,
          null,
          null,
          null,
          null,
          null,
          null,
          null,
          null
        ]
      },
      "/Users/richardwise/Documents/RailsProjects/since_i_last/config/initializers/wrap_parameters.rb": {
        "lines": [
          null,
          null,
          null,
          null,
          null,
          null,
          1,
          2,
          null,
          null,
          null,
          null,
          null,
          null
        ]
      },
      "/Users/richardwise/Documents/RailsProjects/since_i_last/config/routes.rb": {
        "lines": [
          1,
          1,
          1,
          1,
          1,
          1,
          null,
          1,
          null,
          1,
          null
        ]
      },
      "/Users/richardwise/Documents/RailsProjects/since_i_last/app/models/person.rb": {
        "lines": [
          1,
          null,
          null,
          1,
          null,
          null,
          1,
          1,
          null
        ]
      },
      "/Users/richardwise/Documents/RailsProjects/since_i_last/app/models/application_record.rb": {
        "lines": [
          1,
          1,
          null
        ]
      },
      "/Users/richardwise/Documents/RailsProjects/since_i_last/app/helpers/application_helper.rb": {
        "lines": [
          1,
          null
        ]
      },
      "/Users/richardwise/Documents/RailsProjects/since_i_last/app/helpers/pages_helper.rb": {
        "lines": [
          1,
          null
        ]
      },
      "/Users/richardwise/Documents/RailsProjects/since_i_last/app/helpers/people_helper.rb": {
        "lines": [
          1,
          null
        ]
      },
      "/Users/richardwise/Documents/RailsProjects/since_i_last/app/models/watch.rb": {
        "lines": [
          1,
          1,
          1,
          null,
          1,
          1,
          null,
          null,
          1,
          1,
          null,
          null,
          1,
          1,
          1,
          1,
          null,
          1,
          null,
          null,
          1,
          null,
          null,
          1,
          16,
          null,
          null,
          1,
          4,
          null,
          4,
          null,
          null,
          1,
          11,
          null,
          null,
          1,
          7,
          null,
          6,
          null,
          null,
          1,
          5,
          4,
          null,
          2,
          null,
          null,
          1,
          3,
          null,
          1,
          null,
          null
        ]
      },
      "/Users/richardwise/Documents/RailsProjects/since_i_last/app/helpers/watch/outcomes_helper.rb": {
        "lines": [
          1,
          null
        ]
      },
      "/Users/richardwise/Documents/RailsProjects/since_i_last/app/components/countdown_component.rb": {
        "lines": [
          null,
          null,
          1,
          1,
          1,
          null,
          null,
          null
        ]
      },
      "/Users/richardwise/Documents/RailsProjects/since_i_last/app/components/header/action_component.rb": {
        "lines": [
          null,
          null,
          1,
          1,
          3,
          3,
          null,
          null
        ]
      },
      "/Users/richardwise/Documents/RailsProjects/since_i_last/app/components/page/header_component.rb": {
        "lines": [
          null,
          null,
          1,
          1,
          null,
          1,
          7,
          null,
          null
        ]
      },
      "/Users/richardwise/Documents/RailsProjects/since_i_last/app/components/page/section_component.rb": {
        "lines": [
          null,
          null,
          1,
          1,
          7,
          7,
          null,
          null
        ]
      },
      "/Users/richardwise/Documents/RailsProjects/since_i_last/app/components/page_component.rb": {
        "lines": [
          null,
          null,
          1,
          1,
          1,
          null,
          1,
          7,
          7,
          null,
          null
        ]
      },
      "/Users/richardwise/Documents/RailsProjects/since_i_last/app/components/pages/form_page_component.rb": {
        "lines": [
          null,
          null,
          1,
          1,
          1,
          null
        ]
      },
      "/Users/richardwise/Documents/RailsProjects/since_i_last/app/components/watch_component.rb": {
        "lines": [
          null,
          null,
          1,
          1,
          3,
          null,
          null
        ]
      },
      "/Users/richardwise/Documents/RailsProjects/since_i_last/app/models/countdown.rb": {
        "lines": [
          1,
          null,
          1,
          null,
          1,
          null,
          null,
          1,
          null,
          null,
          1,
          1,
          1,
          null,
          null,
          1,
          1,
          null,
          null,
          1,
          null,
          null,
          1,
          6,
          null,
          null,
          1,
          5,
          5,
          null,
          3,
          null,
          null,
          1,
          2,
          null,
          null,
          1,
          7,
          null,
          null
        ]
      },
      "/Users/richardwise/Documents/RailsProjects/since_i_last/app/models/outcome.rb": {
        "lines": [
          1,
          1,
          null,
          1,
          null,
          null,
          1,
          null,
          null,
          1,
          1,
          null,
          null,
          1,
          0,
          null,
          null,
          1,
          null,
          null,
          1,
          null,
          null
        ]
      },
      "/Users/richardwise/Documents/RailsProjects/since_i_last/app/controllers/application_controller.rb": {
        "lines": [
          1,
          1,
          null
        ]
      },
      "/Users/richardwise/Documents/RailsProjects/since_i_last/app/controllers/watches_controller.rb": {
        "lines": [
          1,
          1,
          1,
          2,
          null,
          null,
          1,
          null,
          null,
          1,
          2,
          null,
          null,
          1,
          2,
          null,
          2,
          1,
          null,
          1,
          null,
          null,
          null,
          1,
          null,
          null,
          1,
          1,
          1,
          null,
          0,
          null,
          null,
          null,
          1,
          0,
          null,
          0,
          null,
          null,
          1,
          null,
          1,
          2,
          null,
          null,
          1,
          3,
          null,
          null
        ]
      }
    },
    "timestamp": 1623528973
  }
}
